C251 COMPILER V5.60.0,  beep                                                               04/03/24  11:37:30  PAGE 1   


C251 COMPILER V5.60.0, COMPILATION OF MODULE beep
OBJECT MODULE PLACED IN .\Objects\beep.obj
COMPILER INVOKED BY: D:\Keil_v5\C251\BIN\C251.EXE HARDWARE\src\beep.c XSMALL BROWSE INCDIR(.\HARDWARE\inc) DEBUG PRINT(.
                    -\Listings\beep.lst) TABS(2) OBJECT(.\Objects\beep.obj) 

stmt  level    source

    1          #include <STC32G.H>
    2          #include <stdlib.h>
    3          #include <beep.h>
    4          #include <delay.h>
    5          #include "uart2.h"
    6          
    7          #define MAX_IDX 35
    8          #define MIN_IDX 0
    9          
   10          sbit BEEP = P3^6;
   11          
   12          void BeepInit();
   13          void Timer0Init();
   14          void DealBeep(unsigned short int time);
   15          
   16          /*********************************************************************
   17          * 高8位
   18          **********************************************************************/  
   19          unsigned char HighFrequency[]={
   20          //1     2     3     4     5     6     7     8     9     10    11    12  
   21            0xE3, 0xE4, 0xE6, 0xE7, 0xE9, 0xEA, 0xEB, 0xEC, 0xEE, 0xEF, 0xF0, 0xF1, //低音 
   22          //do    do#   re    re#   mi    fa    fa#   so    so#   la    la#   si 
   23          //13    14    15    16    17    18    19    20    21    22    23    24  
   24            0xF2, 0xF2, 0xF3, 0xF4, 0xF5, 0xF5, 0xF6, 0xF6, 0xF7, 0xF8, 0xF8, 0xF9, //中音 
   25          //25    26    27    28    29    30    31    32    33    34    35    36
   26            0xF9, 0xF9, 0xFA, 0xFA, 0xFB, 0xFB, 0xFB, 0xFB, 0xFC, 0xFC, 0xFC, 0xFD, //高音
   27          };
   28          
   29          /*********************************************************************
   30          * 低8位
   31          **********************************************************************/  
   32          unsigned char LowFrequency[]={  
   33          //1     2     3     4     5     6     7     8     9     10    11    12  
   34            0x05, 0xB3, 0x4A, 0xCA, 0x34, 0x8A, 0xCD, 0xFD, 0x1D, 0x2D, 0x2D, 0x1E, //低音 
   35          //do    do#   re    re#   mi    fa    fa#   so    so#   la    la#   si 
   36          //13    14    15    16    17    18    19    20    21    22    23    24  
   37            0x03, 0xD9, 0xA5, 0x65, 0x1A, 0xC5, 0x66, 0xFE, 0x8E, 0x16, 0x96, 0x0F, //中音 
   38          //25    26    27    28    29    30    31    32    33    34    35    36
   39            0x81, 0xEC, 0x52, 0xB2, 0x0D, 0x62, 0xB3, 0xFE, 0x47, 0x8B, 0xCA, 0x08, //高音
   40          };
   41          
   42          unsigned char Timer0_TH0 = 0xFD;
   43          unsigned char Timer0_TL0 = 0x08;
   44          
   45          void BeepInit(void)
   46          {
   47   1        P3M0 |= 0x50; // 0001 0000 配置P3^6口为 推挽输出 模式
   48   1        P3M1 = 0x00;
   49   1      }
   50          
   51          void Timer0Init(void)
   52          {
   53   1        // 参考 STC32G 手册 14.4.2
   54   1        // 定时器0/1模式寄存器
   55   1        
   56   1      //  TMOD = 0x01;  // 0000 0001 定时器0不自动重载
   57   1        T0_M1 = 0;
   58   1        T0_M0 = 1;  // 定时器0不自动重载
C251 COMPILER V5.60.0,  beep                                                               04/03/24  11:37:30  PAGE 2   

   59   1        
   60   1        // 参考 STC32G 手册 12.4.1
   61   1        EA = 1; // 总中断控制
   62   1        ET0 = 1;  // 计时器T0溢出中断允许
   63   1        // 上面两句等价于 
   64   1        // IE = 0x82 // 1000 0010 CPU开中断,CT0开中断     
   65   1      }
   66          
   67          void timer0_int (void) interrupt 1
   68          {  
   69   1          // 参考 STC32G 手册 14.2.1
   70   1          TR0 = 0;  // 定时器0运行控制，停止计数，隶属于总寄存器 TCON
   71   1          BEEP = !BEEP; 
   72   1          TH0 = Timer0_TH0; // 定时器0高8位寄存器
   73   1          TL0 = Timer0_TL0; // 定时器0低8位寄存器
   74   1          TR0 = 1;  // 定时器0开始计数
   75   1          TF0 = 0;  // 清除T0中断溢出标志位，隶属于总寄存器 TCON
   76   1      }  
   77          
   78          void DealBeep(unsigned short int time){
   79   1        TH0 = Timer0_TH0; // 定时器0高8位寄存器
   80   1        TL0 = Timer0_TL0; // 定时器0低8位寄存器
   81   1        TR0 = 1;  // 定时器0开始计数
   82   1      
   83   1        // 调1/4 310ms 调2/4  250ms 调3/4  187ms 调4/4  125ms
   84   1        delay_n_ms(time); // 节拍时间，用以不要反复填充16位定时寄存器，使某个音调持续响一段时间
   85   1        
   86   1        TR0 = 0;  // 定时器0停止计数
   87   1      }
   88          
   89          void DealBeep_with_BLE(unsigned char time, unsigned char pitch_num)
   90          {
   91   1        TH0 = HighFrequency[pitch_num]; // 定时器0高8位寄存器
   92   1        TL0 = LowFrequency[pitch_num]; // 定时器0低8位寄存器
   93   1        TR0 = 1;  // 定时器0开始计数
   94   1      
   95   1        // 调1/4 310ms 调2/4  250ms 调3/4  187ms 调4/4  125ms
   96   1        // delay_n_ms(time);  // 节拍时间，用以不要反复填充16位定时寄存器，使某个音调持续响一段时间
   97   1      
   98   1        delay_with_BLE(time);
   99   1      
  100   1        TR0 = 0;  // 定时器0停止计数
  101   1        
  102   1        delay_with_BLE(500);
  103   1      }
  104          


Module Information          Static   Overlayable
------------------------------------------------
  code size            =       103     ------
  ecode size           =    ------     ------
  data size            =    ------     ------
  idata size           =    ------     ------
  pdata size           =    ------     ------
  xdata size           =    ------     ------
  xdata-const size     =    ------     ------
  edata size           =        74     ------
  bit size             =    ------     ------
  ebit size            =    ------     ------
  bitaddressable size  =    ------     ------
  ebitaddressable size =    ------     ------
  far data size        =    ------     ------
  huge data size       =    ------     ------
  const size           =    ------     ------
  hconst size          =        90     ------
End of Module Information.

C251 COMPILER V5.60.0,  beep                                                               04/03/24  11:37:30  PAGE 3   


C251 COMPILATION COMPLETE.  0 WARNING(S),  0 ERROR(S)
