C251 COMPILER V5.60.0,  delay                                                              04/03/24  11:37:29  PAGE 1   


C251 COMPILER V5.60.0, COMPILATION OF MODULE delay
OBJECT MODULE PLACED IN .\Objects\delay.obj
COMPILER INVOKED BY: D:\Keil_v5\C251\BIN\C251.EXE HARDWARE\src\delay.c XSMALL BROWSE INCDIR(.\HARDWARE\inc) DEBUG PRINT(
                    -.\Listings\delay.lst) TABS(2) OBJECT(.\Objects\delay.obj) 

stmt  level    source

    1          #include "delay.h" 
    2          /*--------------------------------------------------------------*/
    3          /* --- -----------------实验内容 -------------------------------*/
    4          /* --- 1-了解STC-ISP工具生产延时函数方法 -----------------------*/
    5          /* --- 2-掌握子函数的创建与调用---------------------------------*/
    6          /* --- 实验平台：未来电子STC32核心板----------------------------*/
    7          /* --- 视频学习：https://space.bilibili.com/494969171 ----------*/
    8          /* --- QQ交流群：702805632 -------------------------------------*/
    9          /* --- 参考资料：STC32实验室参考例程 ---------------------------*/
   10          /*--------------------------------------------------------------*/
   11          
   12          #define MAIN_Fosc        24000000UL   //定义主时钟 
   13          
   14          //========================================================================
   15          // 函数: void delay_ms(u8 ms)
   16          // 描述: 延时函数。
   17          // 参数: ms,要延时的ms数 自动适应主时钟.
   18          // 返回: none.
   19          // 版本: VER1.0
   20          // 日期: 2022-9-24
   21          // 备注: 
   22          //========================================================================
   23          void delay_ms(unsigned int ms)
   24          {
   25   1          unsigned int  i;
   26   1          do{
   27   2              i = MAIN_Fosc / 6000;
   28   2              while(--i);   //6T per loop
   29   2            }while(--ms);
   30   1      }
   31          
   32          //========================================================================
   33          // 函数: void delay_n_ms(u8 ms)
   34          // 描述: 延时函数。
   35          // 参数: 支持至65535ms. 自动适应主时钟.
   36          // 返回: none.
   37          // 版本: VER1.0
   38          // 日期: 2023-4-24
   39          // 备注: 
   40          //========================================================================
   41          void delay_n_ms(unsigned short int ms)
   42          {
   43   1        unsigned char batch;
   44   1        unsigned char remnant;
   45   1        
   46   1        batch = ms/255;
   47   1        remnant = ms%255;
   48   1        
   49   1        while(batch){
   50   2          delay_ms(255);
   51   2          batch--;
   52   2        }
   53   1        delay_ms(remnant);
   54   1      }
   55          
   56          
   57          
   58          
C251 COMPILER V5.60.0,  delay                                                              04/03/24  11:37:29  PAGE 2   

   59          
   60          


Module Information          Static   Overlayable
------------------------------------------------
  code size            =        62     ------
  ecode size           =    ------     ------
  data size            =    ------     ------
  idata size           =    ------     ------
  pdata size           =    ------     ------
  xdata size           =    ------     ------
  xdata-const size     =    ------     ------
  edata size           =    ------     ------
  bit size             =    ------     ------
  ebit size            =    ------     ------
  bitaddressable size  =    ------     ------
  ebitaddressable size =    ------     ------
  far data size        =    ------     ------
  huge data size       =    ------     ------
  const size           =    ------     ------
  hconst size          =    ------     ------
End of Module Information.


C251 COMPILATION COMPLETE.  0 WARNING(S),  0 ERROR(S)
