C251 COMPILER V5.60.0,  main                                                               04/03/24  11:37:29  PAGE 1   


C251 COMPILER V5.60.0, COMPILATION OF MODULE main
OBJECT MODULE PLACED IN .\Objects\main.obj
COMPILER INVOKED BY: D:\Keil_v5\C251\BIN\C251.EXE main.c XSMALL BROWSE INCDIR(.\HARDWARE\inc) DEBUG PRINT(.\Listings\mai
                    -n.lst) TABS(2) OBJECT(.\Objects\main.obj) 

stmt  level    source

    1          /*--------------------------------------------------------------------------------------------------*/
    2          /* --- -----------------实验内容 -------------------------------------------------------------------*/
    3          /* --- 1-学习蓝牙传输无线控制方法--------------------------------------------------------------------*/
    4          /* --- 实验步骤：
    5                  1-在工程开源地址下载蓝牙控制APP并安装在安卓系统手机中（可能有部分手机不支持）
    6                  2-下载程序，打开电源，手机蓝牙打开搜索蓝牙设备，找到一个JDY-31-SPP的型号进行配对，配对密码为1234
    7                  3-打开蓝牙APP，选择蓝牙设备，连接蓝牙，显示已连接蓝牙后即可进行控制
    8          /* --- 实验平台：逐梦壹号STC32智能小车--------------------------------------------------------------*/
    9          /* --- QQ交流群：702805632 -------------------------------------------------------------------------*/
   10          /* --- 工程开源地址：-------------------------------------------------------------------------------*/
   11          /* --oshwhub.com/wei-lai-dian-zi-gong-zuo-shi/qian-ru-shi-ji-yu-stc32-de-zhi-nen-xiao-che-she-ji ---*/
   12          /*--------------------------------------------------------------------------------------------------*/
   13          #include <STC32G.H>
   14          #include "intrins.h"
   15          #include "delay.h"
   16          #include "motor.h"
   17          #include "timer.h"
   18          #include "uart1.h"
   19          #include "sr04.h"
   20          #include "uart2.h"
   21          #include "Bluetooth.h"
   22          #include "beep.h"
   23          #include "LED.h"
   24          
   25          sbit  XJ_L = P3^3;
   26          sbit  XJ_R = P4^7;
   27          sbit  XJ_ML = P3^2;
   28          sbit  XJ_MR = P0^6;
   29          
   30          /********************* 主函数 *************************/
   31          void main()
   32          {
   33   1        WTST = 0;  //设置程序指令延时参数，赋值为0可将CPU执行指令的速度设置为最快
   34   1        EAXFR = 1; //扩展寄存器(XFR)访问使能
   35   1        CKCON = 0; //提高访问XRAM速度
   36   1      
   37   1        // 通用端口初始化，准双向口，其他端口初始化采用或运算完成
   38   1        P0M0 = 0x00;
   39   1        P0M1 = 0x00;
   40   1        P1M0 = 0x00;
   41   1        P1M1 = 0x00;
   42   1        P2M0 = 0x00;
   43   1        P2M1 = 0x00;
   44   1        P3M0 = 0x00;
   45   1        P3M1 = 0x00;
   46   1        P4M0 = 0x00;
   47   1        P4M1 = 0x00;
   48   1      
   49   1      
   50   1        Motor_Init_Port(); //电机初始化
   51   1      
   52   1        Timer4Init(); //定时器4初始化,计数时间使用
   53   1      
   54   1        Uart1_Init(); //串口1初始化，使用计时器1
   55   1      
   56   1        Uart2_Init(); //串口2初始化，使用计时器2
   57   1      
   58   1        BeepInit();
C251 COMPILER V5.60.0,  main                                                               04/03/24  11:37:29  PAGE 2   

   59   1      
   60   1        Timer0Init(); // 蜂鸣器使用
   61   1      
   62   1        Timer3Init(); // 超声波模块使用
   63   1      
   64   1        LEDInit();
   65   1      
   66   1        while (1)
   67   1          {
   68   2            // 接受蓝牙缓存
   69   2            UART2_Rx_buff();
   70   2            update_car(uart2temp);
   71   2      
   72   2            if (XJ_L || XJ_R || XJ_ML || XJ_MR)
   73   2              {
   74   3                LED_L = 1;
   75   3                LED_R = 1;
   76   3                DealBeep_with_BLE(50, 35);
   77   3                delay_with_BLE(50);
   78   3                DealBeep_with_BLE(50, 35);
   79   3                delay_with_BLE(500);
   80   3              }
   81   2            else
   82   2              {
   83   3                Counter_Number_DATA();
   84   3                if (S <= 10)
   85   3                  {
   86   4                    LED_L = 1;
   87   4                    LED_R = 1;
   88   4                    delay_with_BLE(500);
   89   4      
   90   4                    LED_L = 0;
   91   4                    LED_R = 0;
   92   4                    delay_with_BLE(500);
   93   4                  }
   94   3              }
   95   2      
   96   2          }
   97   1      }
   98          
   99          
  100          
  101          
  102          
  103          
  104          
  105          
  106          
  107          
  108          
  109          
  110          
  111          
  112          
  113          
  114          
  115          
  116          
  117          
  118          
  119          


Module Information          Static   Overlayable
------------------------------------------------
  code size            =       145     ------
  ecode size           =    ------     ------
C251 COMPILER V5.60.0,  main                                                               04/03/24  11:37:29  PAGE 3   

  data size            =    ------     ------
  idata size           =    ------     ------
  pdata size           =    ------     ------
  xdata size           =    ------     ------
  xdata-const size     =    ------     ------
  edata size           =    ------     ------
  bit size             =    ------     ------
  ebit size            =    ------     ------
  bitaddressable size  =    ------     ------
  ebitaddressable size =    ------     ------
  far data size        =    ------     ------
  huge data size       =    ------     ------
  const size           =    ------     ------
  hconst size          =    ------     ------
End of Module Information.


C251 COMPILATION COMPLETE.  0 WARNING(S),  0 ERROR(S)
