C251 COMPILER V5.60.0,  motor                                                              04/03/24  11:37:29  PAGE 1   


C251 COMPILER V5.60.0, COMPILATION OF MODULE motor
OBJECT MODULE PLACED IN .\Objects\motor.obj
COMPILER INVOKED BY: D:\Keil_v5\C251\BIN\C251.EXE HARDWARE\src\motor.c XSMALL BROWSE INCDIR(.\HARDWARE\inc) DEBUG PRINT(
                    -.\Listings\motor.lst) TABS(2) OBJECT(.\Objects\motor.obj) 

stmt  level    source

    1          #include "motor.h"
    2          #include "delay.h"
    3          #include "motor.h"
    4          #include "delay.h"
    5          #include "timer.h"
    6          #include "LED.h"
    7          
    8          /***************************电机端口定义*************************************/
    9          sbit LH_B=P2^0;
   10          sbit LH_F=P2^1;
   11          
   12          sbit RH_F=P2^2;
   13          sbit RH_B=P2^3;
   14          
   15          sbit RQ_F=P1^4;
   16          sbit RQ_B=P1^5;
   17          
   18          sbit LQ_F=P1^6;
   19          sbit LQ_B=P1^7;
   20          
   21          //========================================================================
   22          // 函数: void Motor_Init_Port(void)
   23          // 描述: 延时函数。
   24          // 参数: 初始化电机端口
   25          // 返回: none.
   26          // 版本: VER1.0
   27          // 日期: 2022-9-24
   28          // 备注:
   29          //========================================================================
   30          void Motor_Init_Port(void)
   31          {
   32   1        P2M0 |= 0x0F;
   33   1        P2M1 |= 0x00;
   34   1      
   35   1        P1M0 |= 0xF0;
   36   1        P1M1 |= 0x00;
   37   1      
   38   1        delay_ms(50); //等待稳定
   39   1      }
   40          //========================================================================
   41          // 函数: void Car_Forword(void)
   42          // 描述: 前进
   43          // 参数:  pwm_perent 占空比百分比
   44          // 返回: none.
   45          // 版本: VER1.0
   46          // 日期: 2022-9-24
   47          // 备注:
   48          //========================================================================
   49          void Car_Forword(uint8 pwm_perent)//前进
   50          {
   51   1      
   52   1        PWM_Count = pwm_perent;
   53   1      
   54   1        LH_B=0;
   55   1        LH_F=1;
   56   1      
   57   1        RH_F=0;
   58   1        RH_B=1;
C251 COMPILER V5.60.0,  motor                                                              04/03/24  11:37:29  PAGE 2   

   59   1      
   60   1        RQ_F=0;
   61   1        RQ_B=1;
   62   1      
   63   1        LQ_F=0;
   64   1        LQ_B=1;
   65   1        
   66   1        LED_L = 0;
   67   1        LED_R = 0;
   68   1        
   69   1      }
   70          //========================================================================
   71          // 函数: void Car_Back(void)
   72          // 描述: 后退
   73          // 参数: pwm_perent 占空比百分比
   74          // 返回: none.
   75          // 版本: VER1.0
   76          // 日期: 2022-9-24
   77          // 备注:
   78          //========================================================================
   79          void Car_Back(uint8 pwm_perent)//后退
   80          {
   81   1        PWM_Count = pwm_perent;
   82   1      
   83   1        LH_B=1;
   84   1        LH_F=0;
   85   1      
   86   1        LQ_F=1;
   87   1        LQ_B=0;
   88   1      
   89   1        RH_F=1;
   90   1        RH_B=0;
   91   1      
   92   1        RQ_F=1;
   93   1        RQ_B=0;
   94   1      
   95   1        LED_L = 1;
   96   1        LED_R = 1;
   97   1      
   98   1      }
   99          //========================================================================
  100          // 函数: void Car_Turn_Left(void)
  101          // 描述: 左转
  102          // 参数: pwm_perent 占空比百分比
  103          // 返回: none.
  104          // 版本: VER1.0
  105          // 日期: 2022-9-24
  106          // 备注:
  107          //========================================================================
  108          void Car_Turn_Left(uint8 pwm_perent)//左转
  109          {
  110   1        PWM_Count = pwm_perent;
  111   1        
  112   1        LQ_F=0;
  113   1        LQ_B=1;
  114   1      
  115   1        LH_B=1;
  116   1        LH_F=0;
  117   1      
  118   1        RH_F=0;
  119   1        RH_B=1;
  120   1      
  121   1        RQ_F=0;
  122   1        RQ_B=1;
  123   1        
  124   1        LED_L = 1;
C251 COMPILER V5.60.0,  motor                                                              04/03/24  11:37:29  PAGE 3   

  125   1        LED_R = 0;
  126   1      
  127   1      }
  128          //========================================================================
  129          // 函数: void Car_Turn_Right(void)
  130          // 描述: 右转
  131          // 参数: pwm_perent 占空比百分比
  132          // 返回: none.
  133          // 版本: VER1.0
  134          // 日期: 2022-9-24
  135          // 备注:
  136          //========================================================================
  137          void Car_Turn_Right(uint8 pwm_perent)//右转
  138          {
  139   1        PWM_Count = pwm_perent;
  140   1      
  141   1        LQ_F=0;
  142   1        LQ_B=1;
  143   1      
  144   1        LH_B=0;
  145   1        LH_F=1;
  146   1      
  147   1        RH_F=0;
  148   1        RH_B=1;
  149   1      
  150   1        RQ_F=1;
  151   1        RQ_B=0;
  152   1        
  153   1        LED_L = 0;
  154   1        LED_R = 1;
  155   1      
  156   1      }
  157          //========================================================================
  158          // 函数: void Car_Stop(void)
  159          // 描述: 右转
  160          // 参数: pwm_perent 占空比百分比
  161          // 返回: none.
  162          // 版本: VER1.0
  163          // 日期: 2022-9-24
  164          // 备注:
  165          //========================================================================
  166          void Car_Stop(void)//停止
  167          {
  168   1      
  169   1        LH_B=0;
  170   1        LH_F=0;
  171   1      
  172   1        RH_F=0;
  173   1        RH_B=0;
  174   1      
  175   1        RQ_F=0;
  176   1        RQ_B=0;
  177   1      
  178   1        LQ_F=0;
  179   1        LQ_B=0;
  180   1        
  181   1        LED_L = 0;
  182   1        LED_R = 0;
  183   1      }
  184          
  185          // 2024/01/15 添加，此处方向为小车移动方向，非转弯方向
  186          // Count_State_number  7  左后
  187          // Count_State_number  8  右后
  188          
  189          void Car_Back_Left(uint8 pwm_perent)//后左
  190          {
C251 COMPILER V5.60.0,  motor                                                              04/03/24  11:37:29  PAGE 4   

  191   1        PWM_Count = pwm_perent;
  192   1      
  193   1        LH_B=1;
  194   1        LH_F=0;
  195   1      
  196   1        LQ_F=1;
  197   1        LQ_B=0;
  198   1      
  199   1        RH_F=1;
  200   1        RH_B=0;
  201   1      
  202   1        RQ_F=0;
  203   1        RQ_B=1;
  204   1        
  205   1        LED_L = 0;
  206   1        LED_R = 1;
  207   1      
  208   1      }
  209          
  210          void Car_Back_Right(uint8 pwm_perent)//后右
  211          {
  212   1        PWM_Count = pwm_perent;
  213   1      
  214   1        LH_B=0;
  215   1        LH_F=1;
  216   1      
  217   1        LQ_F=1;
  218   1        LQ_B=0;
  219   1      
  220   1        RH_F=1;
  221   1        RH_B=0;
  222   1      
  223   1        RQ_F=1;
  224   1        RQ_B=0;
  225   1        
  226   1        LED_L = 1;
  227   1        LED_R = 0;
  228   1      
  229   1      }
  230          
  231          // 2024/01/17 添加按键控制 纯左掉头/右掉头
  232          // Count_State_number 9   纯左掉头
  233          // Count_State_number 10  纯右掉头
  234          void Car_Pure_Left(uint8 pwm_perent)// 纯左转
  235          {
  236   1        PWM_Count = pwm_perent;
  237   1        
  238   1        LQ_F=1;
  239   1        LQ_B=0;
  240   1      
  241   1        LH_B=1;
  242   1        LH_F=0;
  243   1      
  244   1        RH_F=0;
  245   1        RH_B=1;
  246   1      
  247   1        RQ_F=0;
  248   1        RQ_B=1;
  249   1        
  250   1        LED_L = 1;
  251   1        LED_R = 0;
  252   1      
  253   1      }
  254          
  255          void Car_Pure_Right(uint8 pwm_perent)// 纯右转
  256          {
C251 COMPILER V5.60.0,  motor                                                              04/03/24  11:37:29  PAGE 5   

  257   1        PWM_Count = pwm_perent;
  258   1        
  259   1        LQ_F=0;
  260   1        LQ_B=1;
  261   1      
  262   1        LH_B=0;
  263   1        LH_F=1;
  264   1      
  265   1        RH_F=1;
  266   1        RH_B=0;
  267   1      
  268   1        RQ_F=1;
  269   1        RQ_B=0;
  270   1        
  271   1        LED_L = 0;
  272   1        LED_R = 1;
  273   1      
  274   1      }
  275          
  276          
  277          
  278          
  279          
  280          
  281          
  282          
  283          
  284          
  285          
  286          
  287          
  288          
  289          
  290          
  291          
  292          
  293          
  294          
  295          
  296          
  297          
  298          
  299          
  300          
  301          
  302          
  303          
  304          
  305          
  306          
  307          
  308          
  309          
  310          
  311          
  312          
  313          
  314          
  315          
  316          
  317          
  318          
  319          
  320          
  321          
  322          
C251 COMPILER V5.60.0,  motor                                                              04/03/24  11:37:29  PAGE 6   

  323          
  324          
  325          
  326          
  327          
  328          
  329          
  330          
  331          
  332          
  333          


Module Information          Static   Overlayable
------------------------------------------------
  code size            =       242     ------
  ecode size           =    ------     ------
  data size            =    ------     ------
  idata size           =    ------     ------
  pdata size           =    ------     ------
  xdata size           =    ------     ------
  xdata-const size     =    ------     ------
  edata size           =    ------     ------
  bit size             =    ------     ------
  ebit size            =    ------     ------
  bitaddressable size  =    ------     ------
  ebitaddressable size =    ------     ------
  far data size        =    ------     ------
  huge data size       =    ------     ------
  const size           =    ------     ------
  hconst size          =    ------     ------
End of Module Information.


C251 COMPILATION COMPLETE.  0 WARNING(S),  0 ERROR(S)
